yarn run v1.22.22
$ storybook build --output-dir /var/folders/34/296fwbd54svfzfyngqqg4gpm0000gn/T/chromatic--51042-jcVlnJDw8yP5
storybook v8.2.2

info => Cleaning outputDir: ../../../../var/folders/34/296fwbd54svfzfyngqqg4gpm0000gn/T/chromatic--51042-jcVlnJDw8yP5
info => Loading presets
info => Building manager..
info => Manager built (88 ms)
info => Building preview..
WARN No story files found for the specified pattern: src/**/*.mdx
info Addon-docs: using MDX3
info => Using implicit CSS loaders
info => Using SWC as compiler
info => Copying static files: public at ../../../../var/folders/34/296fwbd54svfzfyngqqg4gpm0000gn/T/chromatic--51042-jcVlnJDw8yP5
info => Using default Webpack5 setup
info Using tsconfig paths for react-docgen
WARN asset size limit: The following asset(s) exceed the recommended size limit (244 KiB).
WARN This can impact web performance.
WARN Assets: 
WARN   977.0017c683.iframe.bundle.js (2.06 MiB)
WARN   248.3f4f3408.iframe.bundle.js (1010 KiB)
WARN entrypoint size limit: The following entrypoint(s) combined asset size exceeds the recommended limit (244 KiB). This can impact web performance.
WARN Entrypoints:
WARN   main (2.11 MiB)
WARN       runtime~main.10717141.iframe.bundle.js
WARN       977.0017c683.iframe.bundle.js
WARN       main.e2f397a0.iframe.bundle.js
WARN 
info => Preview built (5.01 s)
info => Output directory: /var/folders/34/296fwbd54svfzfyngqqg4gpm0000gn/T/chromatic--51042-jcVlnJDw8yP5
Done in 7.22s.
